<?xml version="1.0" encoding="UTF-8"?>
<testsuite name="bigbang.TestE" tests="1" skipped="0" failures="0" errors="0" timestamp="2019-11-25T03:49:38" hostname="Arun-Predator-Linux" time="0.001">
  <properties/>
  <testcase name="testE()" classname="bigbang.TestE" time="0.001"/>
  <system-out><![CDATA[]]></system-out>
  <system-err><![CDATA[]]></system-err>
</testsuite>
