<?xml version="1.0" encoding="UTF-8"?>
<testsuite name="bigbang.TestD" tests="1" skipped="0" failures="0" errors="0" timestamp="2019-11-20T03:09:59" hostname="Arun-Predator-Linux" time="0.3">
  <properties/>
  <testcase name="insertDataTest()" classname="bigbang.TestD" time="0.3"/>
  <system-out><![CDATA[]]></system-out>
  <system-err><![CDATA[]]></system-err>
</testsuite>
